Flow report for computer
Sun Jan 02 08:59:41 2022
Quartus II 32-bit Version 13.0.0 Build 156 04/24/2013 SJ Web Edition


---------------------
; Table of Contents ;
---------------------
  1. Legal Notice
  2. Flow Summary
  3. Flow Settings
  4. Flow Non-Default Global Settings
  5. Flow Elapsed Time
  6. Flow OS Summary
  7. Flow Log
  8. Flow Messages
  9. Flow Suppressed Messages



----------------
; Legal Notice ;
----------------
Copyright (C) 1991-2013 Altera Corporation
Your use of Altera Corporation's design tools, logic functions 
and other software and tools, and its AMPP partner logic 
functions, and any output files from any of the foregoing 
(including device programming or simulation files), and any 
associated documentation or information are expressly subject 
to the terms and conditions of the Altera Program License 
Subscription Agreement, Altera MegaCore Function License 
Agreement, or other applicable license agreement, including, 
without limitation, that your use is for the sole purpose of 
programming logic devices manufactured by Altera and sold by 
Altera or its authorized distributors.  Please refer to the 
applicable agreement for further details.



+---------------------------------------------------------------------------------+
; Flow Summary                                                                    ;
+------------------------------------+--------------------------------------------+
; Flow Status                        ; Successful - Sun Jan 02 08:59:41 2022      ;
; Quartus II 32-bit Version          ; 13.0.0 Build 156 04/24/2013 SJ Web Edition ;
; Revision Name                      ; computer                                   ;
; Top-level Entity Name              ; computer                                   ;
; Family                             ; Cyclone IV E                               ;
; Device                             ; EP4CE22F17C6                               ;
; Timing Models                      ; Final                                      ;
; Total logic elements               ; 22,101 / 22,320 ( 99 % )                   ;
;     Total combinational functions  ; 19,225 / 22,320 ( 86 % )                   ;
;     Dedicated logic registers      ; 10,641 / 22,320 ( 48 % )                   ;
; Total registers                    ; 10641                                      ;
; Total pins                         ; 126 / 154 ( 82 % )                         ;
; Total virtual pins                 ; 0                                          ;
; Total memory bits                  ; 479,760 / 608,256 ( 79 % )                 ;
; Embedded Multiplier 9-bit elements ; 37 / 132 ( 28 % )                          ;
; Total PLLs                         ; 1 / 4 ( 25 % )                             ;
+------------------------------------+--------------------------------------------+


+-----------------------------------------+
; Flow Settings                           ;
+-------------------+---------------------+
; Option            ; Setting             ;
+-------------------+---------------------+
; Start date & time ; 01/02/2022 08:47:02 ;
; Main task         ; Compilation         ;
; Revision Name     ; computer            ;
+-------------------+---------------------+


+----------------------------------------------------------------------------------------------------------------------+
; Flow Non-Default Global Settings                                                                                     ;
+-------------------------------------+---------------------------------+---------------+-------------+----------------+
; Assignment Name                     ; Value                           ; Default Value ; Entity Name ; Section Id     ;
+-------------------------------------+---------------------------------+---------------+-------------+----------------+
; COMPILER_SIGNATURE_ID               ; 277371183618304.164110962206372 ; --            ; --          ; --             ;
; EDA_OUTPUT_DATA_FORMAT              ; Systemverilog Hdl               ; --            ; --          ; eda_simulation ;
; EDA_SIMULATION_TOOL                 ; ModelSim-Altera (SystemVerilog) ; <None>        ; --          ; --             ;
; IP_TOOL_NAME                        ; ALTFP_ADD_SUB                   ; --            ; --          ; --             ;
; IP_TOOL_NAME                        ; ALTFP_DIV                       ; --            ; --          ; --             ;
; IP_TOOL_NAME                        ; ALTFP_MULT                      ; --            ; --          ; --             ;
; IP_TOOL_NAME                        ; LPM_ADD_SUB                     ; --            ; --          ; --             ;
; IP_TOOL_VERSION                     ; 13.0                            ; --            ; --          ; --             ;
; IP_TOOL_VERSION                     ; 13.0                            ; --            ; --          ; --             ;
; IP_TOOL_VERSION                     ; 13.0                            ; --            ; --          ; --             ;
; IP_TOOL_VERSION                     ; 13.0                            ; --            ; --          ; --             ;
; MISC_FILE                           ; fpaddsub_bb.v                   ; --            ; --          ; --             ;
; MISC_FILE                           ; fpdiv_bb.v                      ; --            ; --          ; --             ;
; MISC_FILE                           ; fpmul.bsf                       ; --            ; --          ; --             ;
; MISC_FILE                           ; fpmul_inst.v                    ; --            ; --          ; --             ;
; MISC_FILE                           ; fpmul_bb.v                      ; --            ; --          ; --             ;
; MISC_FILE                           ; fpmul.inc                       ; --            ; --          ; --             ;
; MISC_FILE                           ; fpmul.cmp                       ; --            ; --          ; --             ;
; MISC_FILE                           ; add_sub_bb.v                    ; --            ; --          ; --             ;
; OUTPUT_IO_TIMING_FAR_END_VMEAS      ; Half Signal Swing               ; --            ; --          ; --             ;
; OUTPUT_IO_TIMING_FAR_END_VMEAS      ; Half Signal Swing               ; --            ; --          ; --             ;
; OUTPUT_IO_TIMING_NEAR_END_VMEAS     ; Half Vccio                      ; --            ; --          ; --             ;
; OUTPUT_IO_TIMING_NEAR_END_VMEAS     ; Half Vccio                      ; --            ; --          ; --             ;
; PARTITION_COLOR                     ; 16764057                        ; --            ; --          ; Top            ;
; PARTITION_FITTER_PRESERVATION_LEVEL ; PLACEMENT_AND_ROUTING           ; --            ; --          ; Top            ;
; PARTITION_NETLIST_TYPE              ; SOURCE                          ; --            ; --          ; Top            ;
; VERILOG_INPUT_VERSION               ; SystemVerilog_2005              ; Verilog_2001  ; --          ; --             ;
; VERILOG_SHOW_LMF_MAPPING_MESSAGES   ; Off                             ; --            ; --          ; --             ;
; VHDL_INPUT_VERSION                  ; VHDL_2008                       ; VHDL_1993     ; --          ; --             ;
; VHDL_SHOW_LMF_MAPPING_MESSAGES      ; Off                             ; --            ; --          ; --             ;
+-------------------------------------+---------------------------------+---------------+-------------+----------------+


+-------------------------------------------------------------------------------------------------------------------------------+
; Flow Elapsed Time                                                                                                             ;
+---------------------------+--------------+-------------------------+---------------------+------------------------------------+
; Module Name               ; Elapsed Time ; Average Processors Used ; Peak Virtual Memory ; Total CPU Time (on all processors) ;
+---------------------------+--------------+-------------------------+---------------------+------------------------------------+
; Analysis & Synthesis      ; 00:02:24     ; 1.0                     ; 547 MB              ; 00:02:23                           ;
; Fitter                    ; 00:09:12     ; 1.0                     ; 805 MB              ; 00:09:03                           ;
; Assembler                 ; 00:00:03     ; 1.0                     ; 395 MB              ; 00:00:03                           ;
; TimeQuest Timing Analyzer ; 00:00:19     ; 1.0                     ; 612 MB              ; 00:00:19                           ;
; EDA Netlist Writer        ; 00:00:29     ; 1.0                     ; 521 MB              ; 00:00:29                           ;
; Total                     ; 00:12:27     ; --                      ; --                  ; 00:12:17                           ;
+---------------------------+--------------+-------------------------+---------------------+------------------------------------+


+----------------------------------------------------------------------------------------+
; Flow OS Summary                                                                        ;
+---------------------------+------------------+-----------+------------+----------------+
; Module Name               ; Machine Hostname ; OS Name   ; OS Version ; Processor type ;
+---------------------------+------------------+-----------+------------+----------------+
; Analysis & Synthesis      ; maja             ; Windows 7 ; 6.2        ; x86_64         ;
; Fitter                    ; maja             ; Windows 7 ; 6.2        ; x86_64         ;
; Assembler                 ; maja             ; Windows 7 ; 6.2        ; x86_64         ;
; TimeQuest Timing Analyzer ; maja             ; Windows 7 ; 6.2        ; x86_64         ;
; EDA Netlist Writer        ; maja             ; Windows 7 ; 6.2        ; x86_64         ;
+---------------------------+------------------+-----------+------------+----------------+


------------
; Flow Log ;
------------
quartus_map --read_settings_files=on --write_settings_files=off computer -c computer
quartus_fit --read_settings_files=off --write_settings_files=off computer -c computer
quartus_asm --read_settings_files=off --write_settings_files=off computer -c computer
quartus_sta computer -c computer
quartus_eda --read_settings_files=off --write_settings_files=off computer -c computer



